********************************************************************************
If you like PlatformIO, please:
- star it on GitHub > https://github.com/platformio/platformio-core
- follow us on LinkedIn to stay up-to-date on the latest project news > https://www.linkedin.com/company/platformio/
- try PlatformIO IDE for embedded development > https://platformio.org/platformio-ide
********************************************************************************

Processing esp32dev (platform: espressif32; board: esp32dev; framework: arduino)
--------------------------------------------------------------------------------
Platform Manager: Installing espressif32
Downloading 0% 10% 20% 30% 40% 50% 60% 70% 80% 90% 100%
Unpacking 0% 10% 20% 30% 40% 50% 60% 70% 80% 90% 100%
Platform Manager: espressif32@7.0.1 has been installed!
Tool Manager: Installing espressif/toolchain-xtensa-esp32 @ 8.4.0+2021r2-patch5
Downloading 0% 10% 20% 30% 40% 50% 60% 70% 80% 90% 100%
Unpacking 0% 10% 20% 30% 40% 50% 60% 70% 80% 90% 100%
Tool Manager: toolchain-xtensa-esp32@8.4.0+2021r2-patch5 has been installed!
Tool Manager: Installing platformio/framework-arduinoespressif32 @ ~3.20017.0
Downloading 0% 10% 20% 30% 40% 50% 60% 70% 80% 90% 100%
Unpacking 0% 10% 20% 30% 40% 50% 60% 70% 80% 90% 100%
Tool Manager: framework-arduinoespressif32@3.20017.241212+sha.dcc1105b has been installed!
Tool Manager: Installing platformio/tool-esptoolpy @ ~2.41100.0
Downloading 0% 10% 20% 30% 40% 50% 60% 70% 80% 90% 100%
Unpacking 0% 10% 20% 30% 40% 50% 60% 70% 80% 90% 100%
Collecting cryptography~=45.0.3
  Downloading cryptography-45.0.7-cp37-abi3-manylinux_2_34_x86_64.whl.metadata (5.7 kB)
Collecting ecdsa~=0.19.1
  Downloading ecdsa-0.19.2-py2.py3-none-any.whl.metadata (29 kB)
Collecting bitstring~=4.3.1
  Downloading bitstring-4.3.1-py3-none-any.whl.metadata (5.3 kB)
Collecting reedsolo~=1.7.0
  Downloading reedsolo-1.7.0-py3-none-any.whl.metadata (23 kB)
Collecting intelhex~=2.3.0
  Downloading intelhex-2.3.0-py2.py3-none-any.whl.metadata (2.7 kB)
Collecting cffi>=1.14 (from cryptography~=45.0.3)
  Downloading cffi-2.1.0-cp310-cp310-manylinux2014_x86_64.manylinux_2_17_x86_64.whl.metadata (2.5 kB)
Collecting six>=1.9.0 (from ecdsa~=0.19.1)
  Downloading six-1.17.0-py2.py3-none-any.whl.metadata (1.7 kB)
Collecting bitarray<4.0,>=3.0.0 (from bitstring~=4.3.1)
  Downloading bitarray-3.9.0-cp310-cp310-manylinux2014_x86_64.manylinux_2_17_x86_64.manylinux_2_28_x86_64.whl.metadata (35 kB)
Collecting pycparser (from cffi>=1.14->cryptography~=45.0.3)
  Downloading pycparser-3.0-py3-none-any.whl.metadata (8.2 kB)
Downloading cryptography-45.0.7-cp37-abi3-manylinux_2_34_x86_64.whl (4.4 MB)
   ━━━━━━━━━━━━━━━━━━━━━━━━━━━━━━━━━━━━━━━━ 4.4/4.4 MB 210.1 MB/s  0:00:00
Downloading ecdsa-0.19.2-py2.py3-none-any.whl (150 kB)
Downloading bitstring-4.3.1-py3-none-any.whl (71 kB)
Downloading reedsolo-1.7.0-py3-none-any.whl (32 kB)
Downloading intelhex-2.3.0-py2.py3-none-any.whl (50 kB)
Downloading bitarray-3.9.0-cp310-cp310-manylinux2014_x86_64.manylinux_2_17_x86_64.manylinux_2_28_x86_64.whl (339 kB)
Downloading cffi-2.1.0-cp310-cp310-manylinux2014_x86_64.manylinux_2_17_x86_64.whl (218 kB)
Downloading six-1.17.0-py2.py3-none-any.whl (11 kB)
Downloading pycparser-3.0-py3-none-any.whl (48 kB)
Installing collected packages: reedsolo, intelhex, six, pycparser, bitarray, ecdsa, cffi, bitstring, cryptography

Successfully installed bitarray-3.9.0 bitstring-4.3.1 cffi-2.1.0 cryptography-45.0.7 ecdsa-0.19.2 intelhex-2.3.0 pycparser-3.0 reedsolo-1.7.0 six-1.17.0
Tool Manager: tool-esptoolpy@2.41100.0 has been installed!
Tool Manager: Installing platformio/tool-scons @ ~4.40801.0
Downloading 0% 10% 20% 30% 40% 50% 60% 70% 80% 90% 100%
Unpacking 0% 10% 20% 30% 40% 50% 60% 70% 80% 90% 100%
Tool Manager: tool-scons@4.40801.0 has been installed!
Verbose mode can be enabled via `-v, --verbose` option
CONFIGURATION: https://docs.platformio.org/page/boards/espressif32/esp32dev.html
PLATFORM: Espressif 32 (7.0.1) > Espressif ESP32 Dev Module
HARDWARE: ESP32 240MHz, 320KB RAM, 4MB Flash
DEBUG: Current (cmsis-dap) External (cmsis-dap, esp-bridge, esp-prog, iot-bus-jtag, jlink, minimodule, olimex-arm-usb-ocd, olimex-arm-usb-ocd-h, olimex-arm-usb-tiny-h, olimex-jtag-tiny, tumpa)
PACKAGES: 
 - framework-arduinoespressif32 @ 3.20017.241212+sha.dcc1105b 
 - tool-esptoolpy @ 2.41100.0 (4.11.0) 
 - toolchain-xtensa-esp32 @ 8.4.0+2021r2-patch5
LDF: Library Dependency Finder -> https://bit.ly/configure-pio-ldf
LDF Modes: Finder ~ chain, Compatibility ~ soft
Found 33 compatible libraries
Scanning dependencies...
Dependency Graph
|-- WebServer @ 2.0.0
|-- WiFi @ 2.0.0
Building in release mode
Compiling .pio/build/esp32dev/src/main.cpp.o
Building .pio/build/esp32dev/bootloader.bin
Generating partitions .pio/build/esp32dev/partitions.bin
Compiling .pio/build/esp32dev/lib989/WiFi/WiFi.cpp.o
esptool.py v4.11.0
Creating esp32 image...
Merged 1 ELF section
Successfully created esp32 image.
Compiling .pio/build/esp32dev/lib989/WiFi/WiFiAP.cpp.o
Compiling .pio/build/esp32dev/lib989/WiFi/WiFiClient.cpp.o
Compiling .pio/build/esp32dev/lib989/WiFi/WiFiGeneric.cpp.o
Compiling .pio/build/esp32dev/lib989/WiFi/WiFiMulti.cpp.o
Compiling .pio/build/esp32dev/lib989/WiFi/WiFiSTA.cpp.o
Compiling .pio/build/esp32dev/lib989/WiFi/WiFiScan.cpp.o
Compiling .pio/build/esp32dev/lib989/WiFi/WiFiServer.cpp.o
Compiling .pio/build/esp32dev/lib989/WiFi/WiFiUdp.cpp.o
Compiling .pio/build/esp32dev/lib7aa/FS/FS.cpp.o
Compiling .pio/build/esp32dev/lib7aa/FS/vfs_api.cpp.o
Compiling .pio/build/esp32dev/lib1ce/WebServer/Parsing.cpp.o
Archiving .pio/build/esp32dev/lib989/libWiFi.a
Indexing .pio/build/esp32dev/lib989/libWiFi.a
Compiling .pio/build/esp32dev/lib1ce/WebServer/WebServer.cpp.o
Compiling .pio/build/esp32dev/lib1ce/WebServer/detail/mimetable.cpp.o
Compiling .pio/build/esp32dev/FrameworkArduino/Esp.cpp.o
Archiving .pio/build/esp32dev/lib7aa/libFS.a
Indexing .pio/build/esp32dev/lib7aa/libFS.a
Compiling .pio/build/esp32dev/FrameworkArduino/FirmwareMSC.cpp.o
Compiling .pio/build/esp32dev/FrameworkArduino/FunctionalInterrupt.cpp.o
Compiling .pio/build/esp32dev/FrameworkArduino/HWCDC.cpp.o
Compiling .pio/build/esp32dev/FrameworkArduino/HardwareSerial.cpp.o
Compiling .pio/build/esp32dev/FrameworkArduino/IPAddress.cpp.o
Compiling .pio/build/esp32dev/FrameworkArduino/IPv6Address.cpp.o
Archiving .pio/build/esp32dev/lib1ce/libWebServer.a
Indexing .pio/build/esp32dev/lib1ce/libWebServer.a
Compiling .pio/build/esp32dev/FrameworkArduino/MD5Builder.cpp.o
Compiling .pio/build/esp32dev/FrameworkArduino/Print.cpp.o
Compiling .pio/build/esp32dev/FrameworkArduino/Stream.cpp.o
Compiling .pio/build/esp32dev/FrameworkArduino/StreamString.cpp.o
Compiling .pio/build/esp32dev/FrameworkArduino/Tone.cpp.o
Compiling .pio/build/esp32dev/FrameworkArduino/USB.cpp.o
Compiling .pio/build/esp32dev/FrameworkArduino/USBCDC.cpp.o
Compiling .pio/build/esp32dev/FrameworkArduino/USBMSC.cpp.o
Compiling .pio/build/esp32dev/FrameworkArduino/WMath.cpp.o
Compiling .pio/build/esp32dev/FrameworkArduino/WString.cpp.o
Compiling .pio/build/esp32dev/FrameworkArduino/base64.cpp.o
Compiling .pio/build/esp32dev/FrameworkArduino/cbuf.cpp.o
Compiling .pio/build/esp32dev/FrameworkArduino/esp32-hal-adc.c.o
Compiling .pio/build/esp32dev/FrameworkArduino/esp32-hal-bt.c.o
Compiling .pio/build/esp32dev/FrameworkArduino/esp32-hal-cpu.c.o
Compiling .pio/build/esp32dev/FrameworkArduino/esp32-hal-dac.c.o
Compiling .pio/build/esp32dev/FrameworkArduino/esp32-hal-gpio.c.o
Compiling .pio/build/esp32dev/FrameworkArduino/esp32-hal-i2c-slave.c.o
Compiling .pio/build/esp32dev/FrameworkArduino/esp32-hal-i2c.c.o
Compiling .pio/build/esp32dev/FrameworkArduino/esp32-hal-ledc.c.o
Compiling .pio/build/esp32dev/FrameworkArduino/esp32-hal-matrix.c.o
Compiling .pio/build/esp32dev/FrameworkArduino/esp32-hal-misc.c.o
Compiling .pio/build/esp32dev/FrameworkArduino/esp32-hal-psram.c.o
Compiling .pio/build/esp32dev/FrameworkArduino/esp32-hal-rgb-led.c.o
Compiling .pio/build/esp32dev/FrameworkArduino/esp32-hal-rmt.c.o
Compiling .pio/build/esp32dev/FrameworkArduino/esp32-hal-sigmadelta.c.o
Compiling .pio/build/esp32dev/FrameworkArduino/esp32-hal-spi.c.o
Compiling .pio/build/esp32dev/FrameworkArduino/esp32-hal-time.c.o
Compiling .pio/build/esp32dev/FrameworkArduino/esp32-hal-timer.c.o
Compiling .pio/build/esp32dev/FrameworkArduino/esp32-hal-tinyusb.c.o
Compiling .pio/build/esp32dev/FrameworkArduino/esp32-hal-touch.c.o
Compiling .pio/build/esp32dev/FrameworkArduino/esp32-hal-uart.c.o
Compiling .pio/build/esp32dev/FrameworkArduino/firmware_msc_fat.c.o
Compiling .pio/build/esp32dev/FrameworkArduino/libb64/cdecode.c.o
Compiling .pio/build/esp32dev/FrameworkArduino/libb64/cencode.c.o
Compiling .pio/build/esp32dev/FrameworkArduino/main.cpp.o
Compiling .pio/build/esp32dev/FrameworkArduino/stdlib_noniso.c.o
Compiling .pio/build/esp32dev/FrameworkArduino/wiring_pulse.c.o
Compiling .pio/build/esp32dev/FrameworkArduino/wiring_shift.c.o
Archiving .pio/build/esp32dev/libFrameworkArduino.a
Indexing .pio/build/esp32dev/libFrameworkArduino.a
Linking .pio/build/esp32dev/firmware.elf
Retrieving maximum program size .pio/build/esp32dev/firmware.elf
Checking size .pio/build/esp32dev/firmware.elf
Advanced Memory Usage is available via "PlatformIO Home > Project Inspect"
RAM:   [=         ]  13.8% (used 45096 bytes from 327680 bytes)
Flash: [======    ]  59.4% (used 778333 bytes from 1310720 bytes)
Building .pio/build/esp32dev/firmware.bin
esptool.py v4.11.0
Creating esp32 image...
Merged 27 ELF sections
Successfully created esp32 image.
========================= [SUCCESS] Took 43.04 seconds =========================
